<?xml version="1.0" encoding="UTF-8"?>
<testsuites>
  <testsuite name="language" tests="3" assertions="5" failures="2" errors="0" time="0.116536">
    <testsuite name="belanur\localization\tests\TranslatorTest" file="/var/www/gt21/language/tests/TranslatorTest.php" namespace="belanur\localization\tests" fullPackage="belanur.localization.tests" tests="3" assertions="5" failures="2" errors="0" time="0.116536">
      <testcase name="testGetTextReturnsLocalizedString" class="belanur\localization\tests\TranslatorTest" file="/var/www/gt21/language/tests/TranslatorTest.php" line="45" assertions="3" time="0.076974"/>
      <testsuite name="belanur\localization\tests\TranslatorTest::testGetTextReturnsCorrectlyFormattedNumbers" tests="2" assertions="2" failures="2" errors="0" time="0.039562">
        <testcase name="testGetTextReturnsCorrectlyFormattedNumbers with data set #0" assertions="1" time="0.020924">
          <failure type="PHPUnit_Framework_ExpectationFailedException">belanur\localization\tests\TranslatorTest::testGetTextReturnsCorrectlyFormattedNumbers with data set #0 ('en-US', 9999.99, '9,999.99')
Failed asserting that two strings are equal.
--- Expected
+++ Actual
@@ @@
-'9,999.99'
+'9999.99'

/var/www/gt21/language/tests/TranslatorTest.php:76
</failure>
        </testcase>
        <testcase name="testGetTextReturnsCorrectlyFormattedNumbers with data set #1" assertions="1" time="0.018638">
          <failure type="PHPUnit_Framework_ExpectationFailedException">belanur\localization\tests\TranslatorTest::testGetTextReturnsCorrectlyFormattedNumbers with data set #1 ('de-DE', 9999.99, '9.999,99')
Failed asserting that two strings are equal.
--- Expected
+++ Actual
@@ @@
-'9.999,99'
+'9999.99'

/var/www/gt21/language/tests/TranslatorTest.php:76
</failure>
        </testcase>
      </testsuite>
    </testsuite>
  </testsuite>
</testsuites>
